<?xml version="1.0" encoding="UTF-8"?>
<!-- Generated by org.testng.reporters.JUnitReportReporter -->
<testsuite hostname="Swarupams-MacBook-Air.local" failures="0" tests="1" name="com.test.herokupp.TestRunner.HeroKuppTestRunner" time="1.459" errors="0" timestamp="2023-11-08T03:22:58 IST" skipped="0">
  <testcase classname="com.test.herokupp.TestRunner.HeroKuppTestRunner" name="doInsertDataInTable" time="1.459"/>
  <system-out>
    <![CDATA[Minimum timeout for 10 sec
TableData DropDown is enabled.
TableData DropDown is clicked.
textBox is enabled.
Data is entered in Textbox: [{"gender":"male","name":"Bob","age":20},{"gender":"male","name":"George","age":42},{"gender":"female","name":"Sara","age":42},{"gender":"male","name":"Conor","age":40},{"gender":"female","name":"Jennifer","age":42}]
Refresh Button is enabled.
Refresh Button is clicked.
Table is Displayed.
All data correctly populated and verified.]]>
  </system-out>
</testsuite> <!-- com.test.herokupp.TestRunner.HeroKuppTestRunner -->
